# JRE version: Java(TM) SE Runtime Environment (8.0_65-b17) (build 1.8.0_65-b17)
# Java VM: Java HotSpot(TM) 64-Bit Server VM (25.65-b01 mixed mode windows-amd64 compressed oops)
Heap:
 PSYoungGen      total 449536K, used 105773K [0x00000000d5c00000, 0x00000000f3700000, 0x0000000100000000)
  eden space 430080K, 24% used [0x00000000d5c00000,0x00000000dc34b590,0x00000000f0000000)
  from space 19456K, 0% used [0x00000000f1300000,0x00000000f1300000,0x00000000f2600000)
  to   space 19456K, 0% used [0x00000000f0000000,0x00000000f0000000,0x00000000f1300000)
 ParOldGen       total 137216K, used 46173K [0x0000000081400000, 0x0000000089a00000, 0x00000000d5c00000)
  object space 137216K, 33% used [0x0000000081400000,0x00000000841177d8,0x0000000089a00000)
 Metaspace       used 64313K, capacity 65215K, committed 65328K, reserved 1105920K
  class space    used 8217K, capacity 8434K, committed 8496K, reserved 1048576K
GC Heap History (10 events):
Event: 29.882 GC heap before
{Heap before GC invocations=13 (full 2):
 PSYoungGen      total 257536K, used 246272K [0x00000000d5c00000, 0x00000000e6980000, 0x0000000100000000)
  eden space 246272K, 100% used [0x00000000d5c00000,0x00000000e4c80000,0x00000000e4c80000)
  from space 11264K, 0% used [0x00000000e5e80000,0x00000000e5e80000,0x00000000e6980000)
  to   space 14848K, 0% used [0x00000000e4c80000,0x00000000e4c80000,0x00000000e5b00000)
 ParOldGen       total 90624K, used 22244K [0x0000000081400000, 0x0000000086c80000, 0x00000000d5c00000)
  object space 90624K, 24% used [0x0000000081400000,0x00000000829b9270,0x0000000086c80000)
 Metaspace       used 47890K, capacity 48386K, committed 48816K, reserved 1091584K
  class space    used 6108K, capacity 6242K, committed 6320K, reserved 1048576K
Event: 29.905 GC heap after
Heap after GC invocations=13 (full 2):
 PSYoungGen      total 261120K, used 14828K [0x00000000d5c00000, 0x00000000ebc80000, 0x0000000100000000)
  eden space 246272K, 0% used [0x00000000d5c00000,0x00000000d5c00000,0x00000000e4c80000)
  from space 14848K, 99% used [0x00000000e4c80000,0x00000000e5afb2c0,0x00000000e5b00000)
  to   space 18432K, 0% used [0x00000000eaa80000,0x00000000eaa80000,0x00000000ebc80000)
 ParOldGen       total 90624K, used 25735K [0x0000000081400000, 0x0000000086c80000, 0x00000000d5c00000)
  object space 90624K, 28% used [0x0000000081400000,0x0000000082d21d08,0x0000000086c80000)
 Metaspace       used 47890K, capacity 48386K, committed 48816K, reserved 1091584K
  class space    used 6108K, capacity 6242K, committed 6320K, reserved 1048576K
}
Event: 34.957 GC heap before
{Heap before GC invocations=14 (full 2):
 PSYoungGen      total 261120K, used 261100K [0x00000000d5c00000, 0x00000000ebc80000, 0x0000000100000000)
  eden space 246272K, 100% used [0x00000000d5c00000,0x00000000e4c80000,0x00000000e4c80000)
  from space 14848K, 99% used [0x00000000e4c80000,0x00000000e5afb2c0,0x00000000e5b00000)
  to   space 18432K, 0% used [0x00000000eaa80000,0x00000000eaa80000,0x00000000ebc80000)
 ParOldGen       total 90624K, used 25735K [0x0000000081400000, 0x0000000086c80000, 0x00000000d5c00000)
  object space 90624K, 28% used [0x0000000081400000,0x0000000082d21d08,0x0000000086c80000)
 Metaspace       used 50972K, capacity 51420K, committed 51760K, reserved 1093632K
  class space    used 6527K, capacity 6641K, committed 6704K, reserved 1048576K
Event: 35.026 GC heap after
Heap after GC invocations=14 (full 2):
 PSYoungGen      total 343040K, used 10025K [0x00000000d5c00000, 0x00000000ebf80000, 0x0000000100000000)
  eden space 324608K, 0% used [0x00000000d5c00000,0x00000000d5c00000,0x00000000e9900000)
  from space 18432K, 54% used [0x00000000eaa80000,0x00000000eb44a498,0x00000000ebc80000)
  to   space 17920K, 0% used [0x00000000e9900000,0x00000000e9900000,0x00000000eaa80000)
 ParOldGen       total 90624K, used 34802K [0x0000000081400000, 0x0000000086c80000, 0x00000000d5c00000)
  object space 90624K, 38% used [0x0000000081400000,0x00000000835fcbc0,0x0000000086c80000)
 Metaspace       used 50972K, capacity 51420K, committed 51760K, reserved 1093632K
  class space    used 6527K, capacity 6641K, committed 6704K, reserved 1048576K
}
Event: 42.381 GC heap before
{Heap before GC invocations=15 (full 2):
 PSYoungGen      total 343040K, used 334633K [0x00000000d5c00000, 0x00000000ebf80000, 0x0000000100000000)
  eden space 324608K, 100% used [0x00000000d5c00000,0x00000000e9900000,0x00000000e9900000)
  from space 18432K, 54% used [0x00000000eaa80000,0x00000000eb44a498,0x00000000ebc80000)
  to   space 17920K, 0% used [0x00000000e9900000,0x00000000e9900000,0x00000000eaa80000)
 ParOldGen       total 90624K, used 34802K [0x0000000081400000, 0x0000000086c80000, 0x00000000d5c00000)
  object space 90624K, 38% used [0x0000000081400000,0x00000000835fcbc0,0x0000000086c80000)
 Metaspace       used 56508K, capacity 57278K, committed 57648K, reserved 1099776K
  class space    used 7175K, capacity 7350K, committed 7472K, reserved 1048576K
Event: 42.446 GC heap after
Heap after GC invocations=15 (full 2):
 PSYoungGen      total 342528K, used 16108K [0x00000000d5c00000, 0x00000000f2600000, 0x0000000100000000)
  eden space 324608K, 0% used [0x00000000d5c00000,0x00000000d5c00000,0x00000000e9900000)
  from space 17920K, 89% used [0x00000000e9900000,0x00000000ea8bb078,0x00000000eaa80000)
  to   space 19456K, 0% used [0x00000000f1300000,0x00000000f1300000,0x00000000f2600000)
 ParOldGen       total 90624K, used 42377K [0x0000000081400000, 0x0000000086c80000, 0x00000000d5c00000)
  object space 90624K, 46% used [0x0000000081400000,0x0000000083d62708,0x0000000086c80000)
 Metaspace       used 56508K, capacity 57278K, committed 57648K, reserved 1099776K
  class space    used 7175K, capacity 7350K, committed 7472K, reserved 1048576K
}
Event: 45.397 GC heap before
{Heap before GC invocations=16 (full 2):
 PSYoungGen      total 342528K, used 156401K [0x00000000d5c00000, 0x00000000f2600000, 0x0000000100000000)
  eden space 324608K, 43% used [0x00000000d5c00000,0x00000000de501500,0x00000000e9900000)
  from space 17920K, 89% used [0x00000000e9900000,0x00000000ea8bb078,0x00000000eaa80000)
  to   space 19456K, 0% used [0x00000000f1300000,0x00000000f1300000,0x00000000f2600000)
 ParOldGen       total 90624K, used 42377K [0x0000000081400000, 0x0000000086c80000, 0x00000000d5c00000)
  object space 90624K, 46% used [0x0000000081400000,0x0000000083d62708,0x0000000086c80000)
 Metaspace       used 58315K, capacity 59128K, committed 59160K, reserved 1101824K
  class space    used 7398K, capacity 7573K, committed 7600K, reserved 1048576K
Event: 45.482 GC heap after
Heap after GC invocations=16 (full 2):
 PSYoungGen      total 449536K, used 4218K [0x00000000d5c00000, 0x00000000f3700000, 0x0000000100000000)
  eden space 430080K, 0% used [0x00000000d5c00000,0x00000000d5c00000,0x00000000f0000000)
  from space 19456K, 21% used [0x00000000f1300000,0x00000000f171e8e0,0x00000000f2600000)
  to   space 19456K, 0% used [0x00000000f0000000,0x00000000f0000000,0x00000000f1300000)
 ParOldGen       total 90624K, used 53585K [0x0000000081400000, 0x0000000086c80000, 0x00000000d5c00000)
  object space 90624K, 59% used [0x0000000081400000,0x0000000084854618,0x0000000086c80000)
 Metaspace       used 58315K, capacity 59128K, committed 59160K, reserved 1101824K
  class space    used 7398K, capacity 7573K, committed 7600K, reserved 1048576K
}
Event: 45.482 GC heap before
{Heap before GC invocations=17 (full 3):
 PSYoungGen      total 449536K, used 4218K [0x00000000d5c00000, 0x00000000f3700000, 0x0000000100000000)
  eden space 430080K, 0% used [0x00000000d5c00000,0x00000000d5c00000,0x00000000f0000000)
  from space 19456K, 21% used [0x00000000f1300000,0x00000000f171e8e0,0x00000000f2600000)
  to   space 19456K, 0% used [0x00000000f0000000,0x00000000f0000000,0x00000000f1300000)
 ParOldGen       total 90624K, used 53585K [0x0000000081400000, 0x0000000086c80000, 0x00000000d5c00000)
  object space 90624K, 59% used [0x0000000081400000,0x0000000084854618,0x0000000086c80000)
 Metaspace       used 58315K, capacity 59128K, committed 59160K, reserved 1101824K
  class space    used 7398K, capacity 7573K, committed 7600K, reserved 1048576K
Event: 45.984 GC heap after
Heap after GC invocations=17 (full 3):
 PSYoungGen      total 449536K, used 0K [0x00000000d5c00000, 0x00000000f3700000, 0x0000000100000000)
  eden space 430080K, 0% used [0x00000000d5c00000,0x00000000d5c00000,0x00000000f0000000)
  from space 19456K, 0% used [0x00000000f1300000,0x00000000f1300000,0x00000000f2600000)
  to   space 19456K, 0% used [0x00000000f0000000,0x00000000f0000000,0x00000000f1300000)
 ParOldGen       total 137216K, used 46173K [0x0000000081400000, 0x0000000089a00000, 0x00000000d5c00000)
  object space 137216K, 33% used [0x0000000081400000,0x00000000841177d8,0x0000000089a00000)
 Metaspace       used 58315K, capacity 59128K, committed 59160K, reserved 1101824K
  class space    used 7398K, capacity 7573K, committed 7600K, reserved 1048576K
}

