# JRE version: Java(TM) SE Runtime Environment (8.0_65-b17) (build 1.8.0_65-b17)
# Java VM: Java HotSpot(TM) 64-Bit Server VM (25.65-b01 mixed mode windows-amd64 compressed oops)
Heap:
 PSYoungGen      total 462336K, used 161436K [0x00000000d5c00000, 0x00000000f3c80000, 0x0000000100000000)
  eden space 441856K, 36% used [0x00000000d5c00000,0x00000000df9a72b8,0x00000000f0b80000)
  from space 20480K, 0% used [0x00000000f1f80000,0x00000000f1f80000,0x00000000f3380000)
  to   space 20480K, 0% used [0x00000000f0b80000,0x00000000f0b80000,0x00000000f1f80000)
 ParOldGen       total 135168K, used 44985K [0x0000000081400000, 0x0000000089800000, 0x00000000d5c00000)
  object space 135168K, 33% used [0x0000000081400000,0x0000000083fee660,0x0000000089800000)
 Metaspace       used 65394K, capacity 66343K, committed 66480K, reserved 1107968K
  class space    used 8318K, capacity 8526K, committed 8624K, reserved 1048576K
GC Heap History (10 events):
Event: 27.634 GC heap before
{Heap before GC invocations=13 (full 2):
 PSYoungGen      total 277504K, used 267264K [0x00000000d5c00000, 0x00000000e7e00000, 0x0000000100000000)
  eden space 267264K, 100% used [0x00000000d5c00000,0x00000000e6100000,0x00000000e6100000)
  from space 10240K, 0% used [0x00000000e7400000,0x00000000e7400000,0x00000000e7e00000)
  to   space 14848K, 0% used [0x00000000e6100000,0x00000000e6100000,0x00000000e6f80000)
 ParOldGen       total 89088K, used 22230K [0x0000000081400000, 0x0000000086b00000, 0x00000000d5c00000)
  object space 89088K, 24% used [0x0000000081400000,0x00000000829b5ae0,0x0000000086b00000)
 Metaspace       used 47890K, capacity 48386K, committed 48816K, reserved 1091584K
  class space    used 6111K, capacity 6242K, committed 6320K, reserved 1048576K
Event: 27.658 GC heap after
Heap after GC invocations=13 (full 2):
 PSYoungGen      total 282112K, used 14828K [0x00000000d5c00000, 0x00000000ed480000, 0x0000000100000000)
  eden space 267264K, 0% used [0x00000000d5c00000,0x00000000d5c00000,0x00000000e6100000)
  from space 14848K, 99% used [0x00000000e6100000,0x00000000e6f7b3a0,0x00000000e6f80000)
  to   space 17920K, 0% used [0x00000000ec300000,0x00000000ec300000,0x00000000ed480000)
 ParOldGen       total 89088K, used 25636K [0x0000000081400000, 0x0000000086b00000, 0x00000000d5c00000)
  object space 89088K, 28% used [0x0000000081400000,0x0000000082d09190,0x0000000086b00000)
 Metaspace       used 47890K, capacity 48386K, committed 48816K, reserved 1091584K
  class space    used 6111K, capacity 6242K, committed 6320K, reserved 1048576K
}
Event: 34.290 GC heap before
{Heap before GC invocations=14 (full 2):
 PSYoungGen      total 282112K, used 282092K [0x00000000d5c00000, 0x00000000ed480000, 0x0000000100000000)
  eden space 267264K, 100% used [0x00000000d5c00000,0x00000000e6100000,0x00000000e6100000)
  from space 14848K, 99% used [0x00000000e6100000,0x00000000e6f7b3a0,0x00000000e6f80000)
  to   space 17920K, 0% used [0x00000000ec300000,0x00000000ec300000,0x00000000ed480000)
 ParOldGen       total 89088K, used 25636K [0x0000000081400000, 0x0000000086b00000, 0x00000000d5c00000)
  object space 89088K, 28% used [0x0000000081400000,0x0000000082d09190,0x0000000086b00000)
 Metaspace       used 51617K, capacity 52186K, committed 52656K, reserved 1095680K
  class space    used 6620K, capacity 6742K, committed 6832K, reserved 1048576K
Event: 34.330 GC heap after
Heap after GC invocations=14 (full 2):
 PSYoungGen      total 358400K, used 11766K [0x00000000d5c00000, 0x00000000ed000000, 0x0000000100000000)
  eden space 345088K, 0% used [0x00000000d5c00000,0x00000000d5c00000,0x00000000ead00000)
  from space 13312K, 88% used [0x00000000ec300000,0x00000000ece7d958,0x00000000ed000000)
  to   space 17920K, 0% used [0x00000000ead00000,0x00000000ead00000,0x00000000ebe80000)
 ParOldGen       total 89088K, used 34732K [0x0000000081400000, 0x0000000086b00000, 0x00000000d5c00000)
  object space 89088K, 38% used [0x0000000081400000,0x00000000835eb038,0x0000000086b00000)
 Metaspace       used 51617K, capacity 52186K, committed 52656K, reserved 1095680K
  class space    used 6620K, capacity 6742K, committed 6832K, reserved 1048576K
}
Event: 41.841 GC heap before
{Heap before GC invocations=15 (full 2):
 PSYoungGen      total 358400K, used 356854K [0x00000000d5c00000, 0x00000000ed000000, 0x0000000100000000)
  eden space 345088K, 100% used [0x00000000d5c00000,0x00000000ead00000,0x00000000ead00000)
  from space 13312K, 88% used [0x00000000ec300000,0x00000000ece7d958,0x00000000ed000000)
  to   space 17920K, 0% used [0x00000000ead00000,0x00000000ead00000,0x00000000ebe80000)
 ParOldGen       total 89088K, used 34732K [0x0000000081400000, 0x0000000086b00000, 0x00000000d5c00000)
  object space 89088K, 38% used [0x0000000081400000,0x00000000835eb038,0x0000000086b00000)
 Metaspace       used 57749K, capacity 58480K, committed 58800K, reserved 1099776K
  class space    used 7355K, capacity 7513K, committed 7600K, reserved 1048576K
Event: 41.891 GC heap after
Heap after GC invocations=15 (full 2):
 PSYoungGen      total 363008K, used 17605K [0x00000000d5c00000, 0x00000000f3380000, 0x0000000100000000)
  eden space 345088K, 0% used [0x00000000d5c00000,0x00000000d5c00000,0x00000000ead00000)
  from space 17920K, 98% used [0x00000000ead00000,0x00000000ebe31620,0x00000000ebe80000)
  to   space 20480K, 0% used [0x00000000f1f80000,0x00000000f1f80000,0x00000000f3380000)
 ParOldGen       total 89088K, used 43394K [0x0000000081400000, 0x0000000086b00000, 0x00000000d5c00000)
  object space 89088K, 48% used [0x0000000081400000,0x0000000083e60b80,0x0000000086b00000)
 Metaspace       used 57749K, capacity 58480K, committed 58800K, reserved 1099776K
  class space    used 7355K, capacity 7513K, committed 7600K, reserved 1048576K
}
Event: 44.066 GC heap before
{Heap before GC invocations=16 (full 2):
 PSYoungGen      total 363008K, used 100237K [0x00000000d5c00000, 0x00000000f3380000, 0x0000000100000000)
  eden space 345088K, 23% used [0x00000000d5c00000,0x00000000dacb2028,0x00000000ead00000)
  from space 17920K, 98% used [0x00000000ead00000,0x00000000ebe31620,0x00000000ebe80000)
  to   space 20480K, 0% used [0x00000000f1f80000,0x00000000f1f80000,0x00000000f3380000)
 ParOldGen       total 89088K, used 43394K [0x0000000081400000, 0x0000000086b00000, 0x00000000d5c00000)
  object space 89088K, 48% used [0x0000000081400000,0x0000000083e60b80,0x0000000086b00000)
 Metaspace       used 58219K, capacity 59064K, committed 59160K, reserved 1101824K
  class space    used 7398K, capacity 7573K, committed 7600K, reserved 1048576K
Event: 44.100 GC heap after
Heap after GC invocations=16 (full 2):
 PSYoungGen      total 462336K, used 12992K [0x00000000d5c00000, 0x00000000f3c80000, 0x0000000100000000)
  eden space 441856K, 0% used [0x00000000d5c00000,0x00000000d5c00000,0x00000000f0b80000)
  from space 20480K, 63% used [0x00000000f1f80000,0x00000000f2c30010,0x00000000f3380000)
  to   space 20480K, 0% used [0x00000000f0b80000,0x00000000f0b80000,0x00000000f1f80000)
 ParOldGen       total 89088K, used 43394K [0x0000000081400000, 0x0000000086b00000, 0x00000000d5c00000)
  object space 89088K, 48% used [0x0000000081400000,0x0000000083e60b80,0x0000000086b00000)
 Metaspace       used 58219K, capacity 59064K, committed 59160K, reserved 1101824K
  class space    used 7398K, capacity 7573K, committed 7600K, reserved 1048576K
}
Event: 44.100 GC heap before
{Heap before GC invocations=17 (full 3):
 PSYoungGen      total 462336K, used 12992K [0x00000000d5c00000, 0x00000000f3c80000, 0x0000000100000000)
  eden space 441856K, 0% used [0x00000000d5c00000,0x00000000d5c00000,0x00000000f0b80000)
  from space 20480K, 63% used [0x00000000f1f80000,0x00000000f2c30010,0x00000000f3380000)
  to   space 20480K, 0% used [0x00000000f0b80000,0x00000000f0b80000,0x00000000f1f80000)
 ParOldGen       total 89088K, used 43394K [0x0000000081400000, 0x0000000086b00000, 0x00000000d5c00000)
  object space 89088K, 48% used [0x0000000081400000,0x0000000083e60b80,0x0000000086b00000)
 Metaspace       used 58219K, capacity 59064K, committed 59160K, reserved 1101824K
  class space    used 7398K, capacity 7573K, committed 7600K, reserved 1048576K
Event: 44.530 GC heap after
Heap after GC invocations=17 (full 3):
 PSYoungGen      total 462336K, used 0K [0x00000000d5c00000, 0x00000000f3c80000, 0x0000000100000000)
  eden space 441856K, 0% used [0x00000000d5c00000,0x00000000d5c00000,0x00000000f0b80000)
  from space 20480K, 0% used [0x00000000f1f80000,0x00000000f1f80000,0x00000000f3380000)
  to   space 20480K, 0% used [0x00000000f0b80000,0x00000000f0b80000,0x00000000f1f80000)
 ParOldGen       total 135168K, used 44985K [0x0000000081400000, 0x0000000089800000, 0x00000000d5c00000)
  object space 135168K, 33% used [0x0000000081400000,0x0000000083fee660,0x0000000089800000)
 Metaspace       used 58219K, capacity 59064K, committed 59160K, reserved 1101824K
  class space    used 7398K, capacity 7573K, committed 7600K, reserved 1048576K
}

